<?xml version="1.0" encoding="UTF-8"?>
<testsuite xmlns:xsi="http://www.w3.org/2001/XMLSchema-instance" xsi:noNamespaceSchemaLocation="https://maven.apache.org/surefire/maven-surefire-plugin/xsd/surefire-test-report-3.0.xsd" version="3.0" name="es.unican.is2.CuentaAhorroTest" time="0.076" tests="7" errors="0" skipped="0" failures="0">
  <properties>
    <property name="java.specification.version" value="23"/>
    <property name="sonar.host.url" value="http://localhost:9000"/>
    <property name="sun.jnu.encoding" value="UTF-8"/>
    <property name="java.class.path" value="/Users/David/Code/Unican/Curso_2/Semestre_2/OC/IS2_2425/Practica5B/Inicial/practica5bInicial/target/test-classes:/Users/David/Code/Unican/Curso_2/Semestre_2/OC/IS2_2425/Practica5B/Inicial/practica5bInicial/target/classes:/Users/David/.m2/repository/org/junit/jupiter/junit-jupiter-engine/5.12.1/junit-jupiter-engine-5.12.1.jar:/Users/David/.m2/repository/org/junit/platform/junit-platform-engine/1.12.1/junit-platform-engine-1.12.1.jar:/Users/David/.m2/repository/org/apiguardian/apiguardian-api/1.1.2/apiguardian-api-1.1.2.jar:/Users/David/.m2/repository/org/junit/jupiter/junit-jupiter-api/5.12.1/junit-jupiter-api-5.12.1.jar:/Users/David/.m2/repository/org/opentest4j/opentest4j/1.3.0/opentest4j-1.3.0.jar:/Users/David/.m2/repository/org/junit/platform/junit-platform-commons/1.12.1/junit-platform-commons-1.12.1.jar:"/>
    <property name="java.vm.vendor" value="Homebrew"/>
    <property name="sun.arch.data.model" value="64"/>
    <property name="java.vendor.url" value="https://github.com/Homebrew/homebrew-core/issues"/>
    <property name="user.timezone" value="Europe/Madrid"/>
    <property name="os.name" value="Mac OS X"/>
    <property name="java.vm.specification.version" value="23"/>
    <property name="sun.java.launcher" value="SUN_STANDARD"/>
    <property name="user.country" value="ES"/>
    <property name="sun.boot.library.path" value="/opt/homebrew/Cellar/openjdk/23.0.2/libexec/openjdk.jdk/Contents/Home/lib"/>
    <property name="sun.java.command" value="/Users/David/Code/Unican/Curso_2/Semestre_2/OC/IS2_2425/Practica5B/Inicial/practica5bInicial/target/surefire/surefirebooter-20250503161129196_3.jar /Users/David/Code/Unican/Curso_2/Semestre_2/OC/IS2_2425/Practica5B/Inicial/practica5bInicial/target/surefire 2025-05-03T16-11-29_111-jvmRun1 surefire-20250503161129196_1tmp surefire_0-20250503161129196_2tmp"/>
    <property name="http.nonProxyHosts" value="local|*.local|169.254/16|*.169.254/16"/>
    <property name="jdk.debug" value="release"/>
    <property name="surefire.test.class.path" value="/Users/David/Code/Unican/Curso_2/Semestre_2/OC/IS2_2425/Practica5B/Inicial/practica5bInicial/target/test-classes:/Users/David/Code/Unican/Curso_2/Semestre_2/OC/IS2_2425/Practica5B/Inicial/practica5bInicial/target/classes:/Users/David/.m2/repository/org/junit/jupiter/junit-jupiter-engine/5.12.1/junit-jupiter-engine-5.12.1.jar:/Users/David/.m2/repository/org/junit/platform/junit-platform-engine/1.12.1/junit-platform-engine-1.12.1.jar:/Users/David/.m2/repository/org/apiguardian/apiguardian-api/1.1.2/apiguardian-api-1.1.2.jar:/Users/David/.m2/repository/org/junit/jupiter/junit-jupiter-api/5.12.1/junit-jupiter-api-5.12.1.jar:/Users/David/.m2/repository/org/opentest4j/opentest4j/1.3.0/opentest4j-1.3.0.jar:/Users/David/.m2/repository/org/junit/platform/junit-platform-commons/1.12.1/junit-platform-commons-1.12.1.jar:"/>
    <property name="sun.cpu.endian" value="little"/>
    <property name="user.home" value="/Users/David"/>
    <property name="user.language" value="en"/>
    <property name="java.specification.vendor" value="Oracle Corporation"/>
    <property name="java.version.date" value="2025-01-21"/>
    <property name="java.home" value="/opt/homebrew/Cellar/openjdk/23.0.2/libexec/openjdk.jdk/Contents/Home"/>
    <property name="file.separator" value="/"/>
    <property name="basedir" value="/Users/David/Code/Unican/Curso_2/Semestre_2/OC/IS2_2425/Practica5B/Inicial/practica5bInicial"/>
    <property name="java.vm.compressedOopsMode" value="Zero based"/>
    <property name="line.separator" value="&#10;"/>
    <property name="java.vm.specification.vendor" value="Oracle Corporation"/>
    <property name="java.specification.name" value="Java Platform API Specification"/>
    <property name="apple.awt.application.name" value="ForkedBooter"/>
    <property name="surefire.real.class.path" value="/Users/David/Code/Unican/Curso_2/Semestre_2/OC/IS2_2425/Practica5B/Inicial/practica5bInicial/target/surefire/surefirebooter-20250503161129196_3.jar"/>
    <property name="sun.management.compiler" value="HotSpot 64-Bit Tiered Compilers"/>
    <property name="ftp.nonProxyHosts" value="local|*.local|169.254/16|*.169.254/16"/>
    <property name="java.runtime.version" value="23.0.2"/>
    <property name="user.name" value="David"/>
    <property name="stdout.encoding" value="UTF-8"/>
    <property name="path.separator" value=":"/>
    <property name="os.version" value="15.3.2"/>
    <property name="java.runtime.name" value="OpenJDK Runtime Environment"/>
    <property name="file.encoding" value="UTF-8"/>
    <property name="java.vm.name" value="OpenJDK 64-Bit Server VM"/>
    <property name="java.vendor.version" value="Homebrew"/>
    <property name="localRepository" value="/Users/David/.m2/repository"/>
    <property name="java.vendor.url.bug" value="https://github.com/Homebrew/homebrew-core/issues"/>
    <property name="java.io.tmpdir" value="/var/folders/2b/vntny4r54nl3pzyz29cb5grc0000gp/T/"/>
    <property name="sonar.token" value="sqa_09d96c53d88c4870c335fc7361d4513cb6ae6be6"/>
    <property name="java.version" value="23.0.2"/>
    <property name="user.dir" value="/Users/David/Code/Unican/Curso_2/Semestre_2/OC/IS2_2425/Practica5B/Inicial/practica5bInicial"/>
    <property name="os.arch" value="aarch64"/>
    <property name="java.vm.specification.name" value="Java Virtual Machine Specification"/>
    <property name="native.encoding" value="UTF-8"/>
    <property name="java.library.path" value="/Users/David/Library/Java/Extensions:/Library/Java/Extensions:/Network/Library/Java/Extensions:/System/Library/Java/Extensions:/usr/lib/java:."/>
    <property name="java.vm.info" value="mixed mode, sharing"/>
    <property name="stderr.encoding" value="UTF-8"/>
    <property name="java.vendor" value="Homebrew"/>
    <property name="java.vm.version" value="23.0.2"/>
    <property name="sun.io.unicode.encoding" value="UnicodeBig"/>
    <property name="socksNonProxyHosts" value="local|*.local|169.254/16|*.169.254/16"/>
    <property name="java.class.version" value="67.0"/>
  </properties>
  <testcase name="testIngresarConConcepto" classname="es.unican.is2.CuentaAhorroTest" time="0.016"/>
  <testcase name="testSetGetFechasCaducidad" classname="es.unican.is2.CuentaAhorroTest" time="0.001"/>
  <testcase name="testGetSaldoYAddMovimiento" classname="es.unican.is2.CuentaAhorroTest" time="0.002"/>
  <testcase name="testRetirarConConcepto" classname="es.unican.is2.CuentaAhorroTest" time="0.002"/>
  <testcase name="testIngresarSinConcepto" classname="es.unican.is2.CuentaAhorroTest" time="0.002"/>
  <testcase name="testRetirarSinConcepto" classname="es.unican.is2.CuentaAhorroTest" time="0.001"/>
  <testcase name="testConstructor" classname="es.unican.is2.CuentaAhorroTest" time="0.002"/>
</testsuite>